<<<<<<< Updated upstream
c:\stardew-valley\stardewvalley\cocos2d\cocos\editor-support\spine\proj.win32\debug.win32\animationstate.obj
c:\stardew-valley\stardewvalley\cocos2d\cocos\editor-support\spine\proj.win32\debug.win32\color.obj
c:\stardew-valley\stardewvalley\cocos2d\cocos\editor-support\spine\proj.win32\debug.win32\slotdata.obj
c:\stardew-valley\stardewvalley\cocos2d\cocos\editor-support\spine\proj.win32\debug.win32\pathconstraint.obj
c:\stardew-valley\stardewvalley\cocos2d\cocos\editor-support\spine\proj.win32\debug.win32\vertexattachment.obj
c:\stardew-valley\stardewvalley\cocos2d\cocos\editor-support\spine\proj.win32\debug.win32\attachment.obj
c:\stardew-valley\stardewvalley\cocos2d\cocos\editor-support\spine\proj.win32\debug.win32\pathconstraintdata.obj
c:\stardew-valley\stardewvalley\cocos2d\cocos\editor-support\spine\proj.win32\debug.win32\skeletonbounds.obj
c:\stardew-valley\stardewvalley\cocos2d\cocos\editor-support\spine\proj.win32\debug.win32\atlas.obj
c:\stardew-valley\stardewvalley\cocos2d\cocos\editor-support\spine\proj.win32\debug.win32\json.obj
c:\stardew-valley\stardewvalley\cocos2d\cocos\editor-support\spine\proj.win32\debug.win32\slot.obj
c:\stardew-valley\stardewvalley\cocos2d\cocos\editor-support\spine\proj.win32\debug.win32\atlasattachmentloader.obj
c:\stardew-valley\stardewvalley\cocos2d\cocos\editor-support\spine\proj.win32\debug.win32\pathattachment.obj
c:\stardew-valley\stardewvalley\cocos2d\cocos\editor-support\spine\proj.win32\debug.win32\skeleton.obj
c:\stardew-valley\stardewvalley\cocos2d\cocos\editor-support\spine\proj.win32\debug.win32\animation.obj
c:\stardew-valley\stardewvalley\cocos2d\cocos\editor-support\spine\proj.win32\debug.win32\clippingattachment.obj
c:\stardew-valley\stardewvalley\cocos2d\cocos\editor-support\spine\proj.win32\debug.win32\skin.obj
c:\stardew-valley\stardewvalley\cocos2d\cocos\editor-support\spine\proj.win32\debug.win32\animationstatedata.obj
c:\stardew-valley\stardewvalley\cocos2d\cocos\editor-support\spine\proj.win32\debug.win32\eventdata.obj
c:\stardew-valley\stardewvalley\cocos2d\cocos\editor-support\spine\proj.win32\debug.win32\regionattachment.obj
c:\stardew-valley\stardewvalley\cocos2d\cocos\editor-support\spine\proj.win32\debug.win32\array.obj
c:\stardew-valley\stardewvalley\cocos2d\cocos\editor-support\spine\proj.win32\debug.win32\ikconstraint.obj
c:\stardew-valley\stardewvalley\cocos2d\cocos\editor-support\spine\proj.win32\debug.win32\vertexeffect.obj
c:\stardew-valley\stardewvalley\cocos2d\cocos\editor-support\spine\proj.win32\debug.win32\ikconstraintdata.obj
c:\stardew-valley\stardewvalley\cocos2d\cocos\editor-support\spine\proj.win32\debug.win32\transformconstraintdata.obj
c:\stardew-valley\stardewvalley\cocos2d\cocos\editor-support\spine\proj.win32\debug.win32\extension.obj
c:\stardew-valley\stardewvalley\cocos2d\cocos\editor-support\spine\proj.win32\debug.win32\skeletondata.obj
c:\stardew-valley\stardewvalley\cocos2d\cocos\editor-support\spine\proj.win32\debug.win32\boundingboxattachment.obj
c:\stardew-valley\stardewvalley\cocos2d\cocos\editor-support\spine\proj.win32\debug.win32\transformconstraint.obj
c:\stardew-valley\stardewvalley\cocos2d\cocos\editor-support\spine\proj.win32\debug.win32\bonedata.obj
c:\stardew-valley\stardewvalley\cocos2d\cocos\editor-support\spine\proj.win32\debug.win32\triangulator.obj
c:\stardew-valley\stardewvalley\cocos2d\cocos\editor-support\spine\proj.win32\debug.win32\event.obj
c:\stardew-valley\stardewvalley\cocos2d\cocos\editor-support\spine\proj.win32\debug.win32\skeletonclipping.obj
c:\stardew-valley\stardewvalley\cocos2d\cocos\editor-support\spine\proj.win32\debug.win32\attachmentloader.obj
c:\stardew-valley\stardewvalley\cocos2d\cocos\editor-support\spine\proj.win32\debug.win32\pointattachment.obj
c:\stardew-valley\stardewvalley\cocos2d\cocos\editor-support\spine\proj.win32\debug.win32\skeletonbinary.obj
c:\stardew-valley\stardewvalley\cocos2d\cocos\editor-support\spine\proj.win32\debug.win32\meshattachment.obj
c:\stardew-valley\stardewvalley\cocos2d\cocos\editor-support\spine\proj.win32\debug.win32\bone.obj
c:\stardew-valley\stardewvalley\cocos2d\cocos\editor-support\spine\proj.win32\debug.win32\skeletonjson.obj
c:\stardew-valley\stardewvalley\proj.win32\debug.win32\libspine.pdb
c:\stardew-valley\stardewvalley\cocos2d\cocos\editor-support\spine\proj.win32\debug.win32\spine-cocos2dx.obj
c:\stardew-valley\stardewvalley\cocos2d\cocos\editor-support\spine\proj.win32\debug.win32\skeletonbatch.obj
c:\stardew-valley\stardewvalley\cocos2d\cocos\editor-support\spine\proj.win32\debug.win32\attachmentvertices.obj
c:\stardew-valley\stardewvalley\cocos2d\cocos\editor-support\spine\proj.win32\debug.win32\skeletontwocolorbatch.obj
c:\stardew-valley\stardewvalley\cocos2d\cocos\editor-support\spine\proj.win32\debug.win32\cocos2dattachmentloader.obj
c:\stardew-valley\stardewvalley\cocos2d\cocos\editor-support\spine\proj.win32\debug.win32\skeletonrenderer.obj
c:\stardew-valley\stardewvalley\cocos2d\cocos\editor-support\spine\proj.win32\debug.win32\skeletonanimation.obj
c:\stardew-valley\stardewvalley\proj.win32\debug.win32\libspine.lib
c:\stardew-valley\stardewvalley\cocos2d\cocos\editor-support\spine\proj.win32\debug.win32\libspine.tlog\cl.11048.write.1.tlog
c:\stardew-valley\stardewvalley\cocos2d\cocos\editor-support\spine\proj.win32\debug.win32\libspine.tlog\cl.command.1.tlog
c:\stardew-valley\stardewvalley\cocos2d\cocos\editor-support\spine\proj.win32\debug.win32\libspine.tlog\cl.items.tlog
c:\stardew-valley\stardewvalley\cocos2d\cocos\editor-support\spine\proj.win32\debug.win32\libspine.tlog\cl.read.1.tlog
c:\stardew-valley\stardewvalley\cocos2d\cocos\editor-support\spine\proj.win32\debug.win32\libspine.tlog\lib-link.read.1.tlog
c:\stardew-valley\stardewvalley\cocos2d\cocos\editor-support\spine\proj.win32\debug.win32\libspine.tlog\lib-link.write.1.tlog
c:\stardew-valley\stardewvalley\cocos2d\cocos\editor-support\spine\proj.win32\debug.win32\libspine.tlog\lib.command.1.tlog
=======
d:\stardew\let-s-stardrew-vallley\stardewvalley\cocos2d\cocos\editor-support\spine\proj.win32\debug.win32\skeletonrenderer.obj
d:\stardew\let-s-stardrew-vallley\stardewvalley\cocos2d\cocos\editor-support\spine\proj.win32\debug.win32\skeletonanimation.obj
d:\stardew\let-s-stardrew-vallley\stardewvalley\cocos2d\cocos\editor-support\spine\proj.win32\debug.win32\skeletontwocolorbatch.obj
d:\stardew\let-s-stardrew-vallley\stardewvalley\cocos2d\cocos\editor-support\spine\proj.win32\debug.win32\attachmentvertices.obj
d:\stardew\let-s-stardrew-vallley\stardewvalley\cocos2d\cocos\editor-support\spine\proj.win32\debug.win32\spine-cocos2dx.obj
d:\stardew\let-s-stardrew-vallley\stardewvalley\cocos2d\cocos\editor-support\spine\proj.win32\debug.win32\skeletonbatch.obj
d:\stardew\let-s-stardrew-vallley\stardewvalley\cocos2d\cocos\editor-support\spine\proj.win32\debug.win32\cocos2dattachmentloader.obj
d:\stardew\let-s-stardrew-vallley\stardewvalley\cocos2d\cocos\editor-support\spine\proj.win32\debug.win32\animation.obj
d:\stardew\let-s-stardrew-vallley\stardewvalley\cocos2d\cocos\editor-support\spine\proj.win32\debug.win32\skeletonjson.obj
d:\stardew\let-s-stardrew-vallley\stardewvalley\cocos2d\cocos\editor-support\spine\proj.win32\debug.win32\atlas.obj
d:\stardew\let-s-stardrew-vallley\stardewvalley\cocos2d\cocos\editor-support\spine\proj.win32\debug.win32\skeletonbinary.obj
d:\stardew\let-s-stardrew-vallley\stardewvalley\cocos2d\cocos\editor-support\spine\proj.win32\debug.win32\color.obj
d:\stardew\let-s-stardrew-vallley\stardewvalley\cocos2d\cocos\editor-support\spine\proj.win32\debug.win32\regionattachment.obj
d:\stardew\let-s-stardrew-vallley\stardewvalley\cocos2d\cocos\editor-support\spine\proj.win32\debug.win32\triangulator.obj
d:\stardew\let-s-stardrew-vallley\stardewvalley\cocos2d\cocos\editor-support\spine\proj.win32\debug.win32\atlasattachmentloader.obj
d:\stardew\let-s-stardrew-vallley\stardewvalley\cocos2d\cocos\editor-support\spine\proj.win32\debug.win32\skeleton.obj
d:\stardew\let-s-stardrew-vallley\stardewvalley\cocos2d\cocos\editor-support\spine\proj.win32\debug.win32\event.obj
d:\stardew\let-s-stardrew-vallley\stardewvalley\cocos2d\cocos\editor-support\spine\proj.win32\debug.win32\ikconstraintdata.obj
d:\stardew\let-s-stardrew-vallley\stardewvalley\cocos2d\cocos\editor-support\spine\proj.win32\debug.win32\slot.obj
d:\stardew\let-s-stardrew-vallley\stardewvalley\cocos2d\cocos\editor-support\spine\proj.win32\debug.win32\animationstate.obj
d:\stardew\let-s-stardrew-vallley\stardewvalley\cocos2d\cocos\editor-support\spine\proj.win32\debug.win32\meshattachment.obj
d:\stardew\let-s-stardrew-vallley\stardewvalley\cocos2d\cocos\editor-support\spine\proj.win32\debug.win32\transformconstraintdata.obj
d:\stardew\let-s-stardrew-vallley\stardewvalley\cocos2d\cocos\editor-support\spine\proj.win32\debug.win32\boundingboxattachment.obj
d:\stardew\let-s-stardrew-vallley\stardewvalley\cocos2d\cocos\editor-support\spine\proj.win32\debug.win32\ikconstraint.obj
d:\stardew\let-s-stardrew-vallley\stardewvalley\cocos2d\cocos\editor-support\spine\proj.win32\debug.win32\slotdata.obj
d:\stardew\let-s-stardrew-vallley\stardewvalley\cocos2d\cocos\editor-support\spine\proj.win32\debug.win32\animationstatedata.obj
d:\stardew\let-s-stardrew-vallley\stardewvalley\cocos2d\cocos\editor-support\spine\proj.win32\debug.win32\pathattachment.obj
d:\stardew\let-s-stardrew-vallley\stardewvalley\cocos2d\cocos\editor-support\spine\proj.win32\debug.win32\transformconstraint.obj
d:\stardew\let-s-stardrew-vallley\stardewvalley\cocos2d\cocos\editor-support\spine\proj.win32\debug.win32\bonedata.obj
d:\stardew\let-s-stardrew-vallley\stardewvalley\cocos2d\cocos\editor-support\spine\proj.win32\debug.win32\json.obj
d:\stardew\let-s-stardrew-vallley\stardewvalley\cocos2d\cocos\editor-support\spine\proj.win32\debug.win32\attachmentloader.obj
d:\stardew\let-s-stardrew-vallley\stardewvalley\cocos2d\cocos\editor-support\spine\proj.win32\debug.win32\skin.obj
d:\stardew\let-s-stardrew-vallley\stardewvalley\cocos2d\cocos\editor-support\spine\proj.win32\debug.win32\array.obj
d:\stardew\let-s-stardrew-vallley\stardewvalley\cocos2d\cocos\editor-support\spine\proj.win32\debug.win32\pathconstraint.obj
d:\stardew\let-s-stardrew-vallley\stardewvalley\cocos2d\cocos\editor-support\spine\proj.win32\debug.win32\vertexattachment.obj
d:\stardew\let-s-stardrew-vallley\stardewvalley\cocos2d\cocos\editor-support\spine\proj.win32\debug.win32\attachment.obj
d:\stardew\let-s-stardrew-vallley\stardewvalley\cocos2d\cocos\editor-support\spine\proj.win32\debug.win32\pointattachment.obj
d:\stardew\let-s-stardrew-vallley\stardewvalley\cocos2d\cocos\editor-support\spine\proj.win32\debug.win32\vertexeffect.obj
d:\stardew\let-s-stardrew-vallley\stardewvalley\cocos2d\cocos\editor-support\spine\proj.win32\debug.win32\eventdata.obj
d:\stardew\let-s-stardrew-vallley\stardewvalley\cocos2d\cocos\editor-support\spine\proj.win32\debug.win32\pathconstraintdata.obj
d:\stardew\let-s-stardrew-vallley\stardewvalley\cocos2d\cocos\editor-support\spine\proj.win32\debug.win32\bone.obj
d:\stardew\let-s-stardrew-vallley\stardewvalley\cocos2d\cocos\editor-support\spine\proj.win32\debug.win32\skeletondata.obj
d:\stardew\let-s-stardrew-vallley\stardewvalley\cocos2d\cocos\editor-support\spine\proj.win32\debug.win32\extension.obj
d:\stardew\let-s-stardrew-vallley\stardewvalley\cocos2d\cocos\editor-support\spine\proj.win32\debug.win32\skeletonbounds.obj
d:\stardew\let-s-stardrew-vallley\stardewvalley\cocos2d\cocos\editor-support\spine\proj.win32\debug.win32\clippingattachment.obj
d:\stardew\let-s-stardrew-vallley\stardewvalley\cocos2d\cocos\editor-support\spine\proj.win32\debug.win32\skeletonclipping.obj
d:\stardew\let-s-stardrew-vallley\stardewvalley\proj.win32\debug.win32\libspine.pdb
d:\stardew\let-s-stardrew-vallley\stardewvalley\proj.win32\debug.win32\libspine.lib
d:\stardew\let-s-stardrew-vallley\stardewvalley\cocos2d\cocos\editor-support\spine\proj.win32\debug.win32\libspine.tlog\cl.10688.write.1.tlog
d:\stardew\let-s-stardrew-vallley\stardewvalley\cocos2d\cocos\editor-support\spine\proj.win32\debug.win32\libspine.tlog\cl.command.1.tlog
d:\stardew\let-s-stardrew-vallley\stardewvalley\cocos2d\cocos\editor-support\spine\proj.win32\debug.win32\libspine.tlog\cl.items.tlog
d:\stardew\let-s-stardrew-vallley\stardewvalley\cocos2d\cocos\editor-support\spine\proj.win32\debug.win32\libspine.tlog\cl.read.1.tlog
d:\stardew\let-s-stardrew-vallley\stardewvalley\cocos2d\cocos\editor-support\spine\proj.win32\debug.win32\libspine.tlog\lib-link.read.1.tlog
d:\stardew\let-s-stardrew-vallley\stardewvalley\cocos2d\cocos\editor-support\spine\proj.win32\debug.win32\libspine.tlog\lib-link.write.1.tlog
d:\stardew\let-s-stardrew-vallley\stardewvalley\cocos2d\cocos\editor-support\spine\proj.win32\debug.win32\libspine.tlog\lib.command.1.tlog
>>>>>>> Stashed changes
