d:\1220xlg\let-s-stardrew-vallley\stardewvalley\proj.win32\debug.win32\animal.obj
d:\1220xlg\let-s-stardrew-vallley\stardewvalley\proj.win32\debug.win32\playermanager.obj
d:\1220xlg\let-s-stardrew-vallley\stardewvalley\proj.win32\debug.win32\chicken.obj
d:\1220xlg\let-s-stardrew-vallley\stardewvalley\proj.win32\debug.win32\repairbuilding.obj
d:\1220xlg\let-s-stardrew-vallley\stardewvalley\proj.win32\debug.win32\coop.obj
d:\1220xlg\let-s-stardrew-vallley\stardewvalley\proj.win32\debug.win32\sheep.obj
d:\1220xlg\let-s-stardrew-vallley\stardewvalley\proj.win32\debug.win32\farmhousescene.obj
d:\1220xlg\let-s-stardrew-vallley\stardewvalley\proj.win32\debug.win32\wateredland.obj
d:\1220xlg\let-s-stardrew-vallley\stardewvalley\proj.win32\debug.win32\farmscenefunctions.obj
d:\1220xlg\let-s-stardrew-vallley\stardewvalley\proj.win32\debug.win32\tree.obj
d:\1220xlg\let-s-stardrew-vallley\stardewvalley\proj.win32\debug.win32\appdelegate.obj
d:\1220xlg\let-s-stardrew-vallley\stardewvalley\proj.win32\debug.win32\resident.obj
d:\1220xlg\let-s-stardrew-vallley\stardewvalley\proj.win32\debug.win32\initialscene.obj
d:\1220xlg\let-s-stardrew-vallley\stardewvalley\proj.win32\debug.win32\explorescenefunctions.obj
d:\1220xlg\let-s-stardrew-vallley\stardewvalley\proj.win32\debug.win32\tilledland.obj
d:\1220xlg\let-s-stardrew-vallley\stardewvalley\proj.win32\debug.win32\npcinfo.obj
d:\1220xlg\let-s-stardrew-vallley\stardewvalley\proj.win32\debug.win32\itemstorage.obj
d:\1220xlg\let-s-stardrew-vallley\stardewvalley\proj.win32\debug.win32\player.obj
d:\1220xlg\let-s-stardrew-vallley\stardewvalley\proj.win32\debug.win32\main.obj
d:\1220xlg\let-s-stardrew-vallley\stardewvalley\proj.win32\debug.win32\toolbar.obj
d:\1220xlg\let-s-stardrew-vallley\stardewvalley\proj.win32\debug.win32\crop.obj
d:\1220xlg\let-s-stardrew-vallley\stardewvalley\proj.win32\debug.win32\clock.obj
d:\1220xlg\let-s-stardrew-vallley\stardewvalley\proj.win32\debug.win32\farmscene.obj
d:\1220xlg\let-s-stardrew-vallley\stardewvalley\proj.win32\debug.win32\explorescene.obj
d:\1220xlg\let-s-stardrew-vallley\stardewvalley\proj.win32\debug.win32\tools.obj
d:\1220xlg\let-s-stardrew-vallley\stardewvalley\proj.win32\debug.win32\cow.obj
d:\1220xlg\let-s-stardrew-vallley\stardewvalley\proj.win32\debug.win32\startupscene.obj
d:\1220xlg\let-s-stardrew-vallley\stardewvalley\proj.win32\debug.win32\menulayer.obj
d:\1220xlg\let-s-stardrew-vallley\stardewvalley\proj.win32\debug.win32\vc143.pdb
d:\1220xlg\let-s-stardrew-vallley\stardewvalley\proj.win32\stardewvalley.cab
d:\1220xlg\let-s-stardrew-vallley\stardewvalley\proj.win32\debug.win32\stardewvalley.exe
d:\1220xlg\let-s-stardrew-vallley\stardewvalley\proj.win32\debug.win32\stardewvalley.pdb
d:\1220xlg\let-s-stardrew-vallley\stardewvalley\proj.win32\debug.win32\game.res
d:\1220xlg\let-s-stardrew-vallley\stardewvalley\proj.win32\debug.win32\stardewvalley.lib
d:\1220xlg\let-s-stardrew-vallley\stardewvalley\proj.win32\debug.win32\stardewvalley.exp
d:\1220xlg\let-s-stardrew-vallley\stardewvalley\proj.win32\debug.win32\stardewvalley.ilk
d:\1220xlg\let-s-stardrew-vallley\stardewvalley\proj.win32\debug.win32\libcocos2d.exp
d:\1220xlg\let-s-stardrew-vallley\stardewvalley\proj.win32\debug.win32\libspine.idb
d:\1220xlg\let-s-stardrew-vallley\stardewvalley\proj.win32\debug.win32\vc143.idb
d:\1220xlg\let-s-stardrew-vallley\stardewvalley\proj.win32\debug.win32\libcocos2d.pdb
d:\1220xlg\let-s-stardrew-vallley\stardewvalley\proj.win32\debug.win32\librecast.pdb
d:\1220xlg\let-s-stardrew-vallley\stardewvalley\proj.win32\debug.win32\libspine.pdb
d:\1220xlg\let-s-stardrew-vallley\stardewvalley\proj.win32\debug.win32\stardewvalley.tlog\cl.13640.write.1.tlog
d:\1220xlg\let-s-stardrew-vallley\stardewvalley\proj.win32\debug.win32\stardewvalley.tlog\cl.command.1.tlog
d:\1220xlg\let-s-stardrew-vallley\stardewvalley\proj.win32\debug.win32\stardewvalley.tlog\cl.items.tlog
d:\1220xlg\let-s-stardrew-vallley\stardewvalley\proj.win32\debug.win32\stardewvalley.tlog\cl.read.1.tlog
d:\1220xlg\let-s-stardrew-vallley\stardewvalley\proj.win32\debug.win32\stardewvalley.tlog\custombuildstep.read.1u.tlog
d:\1220xlg\let-s-stardrew-vallley\stardewvalley\proj.win32\debug.win32\stardewvalley.tlog\custombuildstep.write.1u.tlog
d:\1220xlg\let-s-stardrew-vallley\stardewvalley\proj.win32\debug.win32\stardewvalley.tlog\link.command.1.tlog
d:\1220xlg\let-s-stardrew-vallley\stardewvalley\proj.win32\debug.win32\stardewvalley.tlog\link.read.1.tlog
d:\1220xlg\let-s-stardrew-vallley\stardewvalley\proj.win32\debug.win32\stardewvalley.tlog\link.secondary.1.tlog
d:\1220xlg\let-s-stardrew-vallley\stardewvalley\proj.win32\debug.win32\stardewvalley.tlog\link.write.1.tlog
d:\1220xlg\let-s-stardrew-vallley\stardewvalley\proj.win32\debug.win32\stardewvalley.tlog\rc.command.1.tlog
d:\1220xlg\let-s-stardrew-vallley\stardewvalley\proj.win32\debug.win32\stardewvalley.tlog\rc.read.1.tlog
d:\1220xlg\let-s-stardrew-vallley\stardewvalley\proj.win32\debug.win32\stardewvalley.tlog\rc.write.1.tlog
